<?xml version="1.0" encoding="UTF-8"?>
<!-- Generated by org.testng.reporters.JUnitXMLReporter -->
<testsuite ignored="0" hostname="DESKTOP-CAFNKDT" failures="0" tests="10" name="UI Tests" time="31.119" errors="0" timestamp="2025-08-28T15:25:52 IST">
  <testcase classname="testCases.uiOfLoginPage" name="verifyLogo" time="0.113"/>
  <testcase classname="testCases.uiOfLoginPage" name="defaultDropdown" time="0.138"/>
  <testcase classname="testCases.uiOfLoginPage" name="verifyLanguageDropdown" time="2.447"/>
  <testcase classname="testCases.uiOfLoginPage" name="signIn" time="0.038"/>
  <testcase classname="testCases.uiOfLoginPage" name="inputBox" time="0.107"/>
  <testcase classname="testCases.uiOfLoginPage" name="forgotEmailCancelButton" time="2.58"/>
  <testcase classname="testCases.uiOfLoginPage" name="toggleButton" time="6.124"/>
  <testcase classname="testCases.uiOfLoginPage" name="nextBtnBackBtn" time="2.661"/>
  <testcase classname="testCases.uiOfLoginPage" name="secureLoginBackBtn" time="2.656"/>
  <testcase classname="testCases.uiOfLoginPage" name="privacyAndTerm" time="9.026"/>
</testsuite> <!-- UI Tests -->
