<?xml version="1.0" encoding="UTF-8"?>
<testng-results ignored="0" total="1" passed="1" failed="0" skipped="0">
  <reporter-output>
  </reporter-output>
  <suite started-at="2025-12-30T15:25:29 IST" name="CrossBrowserSuite" finished-at="2025-12-30T15:45:36 IST" duration-ms="1207263">
    <groups>
    </groups>
    <test started-at="2025-12-30T15:25:29 IST" name="ChromeTest" finished-at="2025-12-30T15:45:36 IST" duration-ms="1207263">
      <class name="testCases.T002_HomePageTest">
        <test-method is-config="true" signature="setup(java.lang.String)[pri:0, instance:testCases.T002_HomePageTest@3de8f619]" started-at="2025-12-30T15:25:29 IST" name="setup" finished-at="2025-12-30T15:25:36 IST" duration-ms="6839" status="PASS">
          <params>
            <param index="0">
              <value>
                <![CDATA[chrome]]>
              </value>
            </param>
          </params>
          <reporter-output>
          </reporter-output>
        </test-method> <!-- setup -->
        <test-method is-config="true" signature="switchToLoginFrame()[pri:0, instance:testCases.T002_HomePageTest@3de8f619]" started-at="2025-12-30T15:25:36 IST" name="switchToLoginFrame" finished-at="2025-12-30T15:25:36 IST" duration-ms="93" status="PASS">
          <reporter-output>
          </reporter-output>
        </test-method> <!-- switchToLoginFrame -->
        <test-method signature="verify_HomePage()[pri:1, instance:testCases.T002_HomePageTest@3de8f619]" started-at="2025-12-30T15:25:36 IST" name="verify_HomePage" finished-at="2025-12-30T15:45:35 IST" duration-ms="1198908" status="PASS">
          <reporter-output>
          </reporter-output>
        </test-method> <!-- verify_HomePage -->
        <test-method is-config="true" signature="tearDown()[pri:0, instance:testCases.T002_HomePageTest@3de8f619]" started-at="2025-12-30T15:45:35 IST" name="tearDown" finished-at="2025-12-30T15:45:36 IST" duration-ms="1120" status="PASS">
          <reporter-output>
          </reporter-output>
        </test-method> <!-- tearDown -->
        <test-method is-config="true" signature="sendLogsAfterSuite()[pri:0, instance:testCases.T002_HomePageTest@3de8f619]" started-at="2025-12-30T15:45:36 IST" name="sendLogsAfterSuite" finished-at="2025-12-30T15:45:41 IST" duration-ms="4739" status="PASS">
          <reporter-output>
          </reporter-output>
        </test-method> <!-- sendLogsAfterSuite -->
      </class> <!-- testCases.T002_HomePageTest -->
    </test> <!-- ChromeTest -->
  </suite> <!-- CrossBrowserSuite -->
</testng-results>
