<?xml version="1.0" encoding="UTF-8"?>
<testng-results ignored="0" total="1" passed="1" failed="0" skipped="0">
  <reporter-output>
  </reporter-output>
  <suite started-at="2025-12-22T14:40:45 IST" name="CrossBrowserSuite" finished-at="2025-12-22T14:45:40 IST" duration-ms="294740">
    <groups>
    </groups>
    <test started-at="2025-12-22T14:40:45 IST" name="ChromeTest" finished-at="2025-12-22T14:45:40 IST" duration-ms="294740">
      <class name="testCases.T003_ComposeMailTest">
        <test-method is-config="true" signature="setup(java.lang.String)[pri:0, instance:testCases.T003_ComposeMailTest@3c9754d8]" started-at="2025-12-22T14:40:45 IST" name="setup" finished-at="2025-12-22T14:40:51 IST" duration-ms="5463" status="PASS">
          <params>
            <param index="0">
              <value>
                <![CDATA[chrome]]>
              </value>
            </param>
          </params>
          <reporter-output>
          </reporter-output>
        </test-method> <!-- setup -->
        <test-method is-config="true" signature="switchToLoginFrame()[pri:0, instance:testCases.T003_ComposeMailTest@3c9754d8]" started-at="2025-12-22T14:40:51 IST" name="switchToLoginFrame" finished-at="2025-12-22T14:40:51 IST" duration-ms="198" status="PASS">
          <reporter-output>
          </reporter-output>
        </test-method> <!-- switchToLoginFrame -->
        <test-method signature="verify_ComposeMail()[pri:1, instance:testCases.T003_ComposeMailTest@3c9754d8]" started-at="2025-12-22T14:40:51 IST" name="verify_ComposeMail" finished-at="2025-12-22T14:45:40 IST" duration-ms="288654" status="PASS">
          <reporter-output>
          </reporter-output>
        </test-method> <!-- verify_ComposeMail -->
        <test-method is-config="true" signature="tearDown()[pri:0, instance:testCases.T003_ComposeMailTest@3c9754d8]" started-at="2025-12-22T14:45:40 IST" name="tearDown" finished-at="2025-12-22T14:45:40 IST" duration-ms="365" status="PASS">
          <reporter-output>
          </reporter-output>
        </test-method> <!-- tearDown -->
        <test-method is-config="true" signature="sendLogsAfterSuite()[pri:0, instance:testCases.T003_ComposeMailTest@3c9754d8]" started-at="2025-12-22T14:45:40 IST" name="sendLogsAfterSuite" finished-at="2025-12-22T14:45:45 IST" duration-ms="4654" status="PASS">
          <reporter-output>
          </reporter-output>
        </test-method> <!-- sendLogsAfterSuite -->
      </class> <!-- testCases.T003_ComposeMailTest -->
    </test> <!-- ChromeTest -->
  </suite> <!-- CrossBrowserSuite -->
</testng-results>
