<?xml version="1.0" encoding="UTF-8"?>
<testng-results ignored="0" total="1" passed="1" failed="0" skipped="0">
  <reporter-output>
  </reporter-output>
  <suite started-at="2026-01-05T10:02:56 IST" name="CrossBrowserSuite" finished-at="2026-01-05T10:05:16 IST" duration-ms="139779">
    <groups>
    </groups>
    <test started-at="2026-01-05T10:02:56 IST" name="ChromeTest" finished-at="2026-01-05T10:05:16 IST" duration-ms="139779">
      <class name="testCases.T004_SnoozedMailFromInbox">
        <test-method is-config="true" signature="setup(java.lang.String)[pri:0, instance:testCases.T004_SnoozedMailFromInbox@16612a51]" started-at="2026-01-05T10:02:56 IST" name="setup" finished-at="2026-01-05T10:03:03 IST" duration-ms="6686" status="PASS">
          <params>
            <param index="0">
              <value>
                <![CDATA[chrome]]>
              </value>
            </param>
          </params>
          <reporter-output>
          </reporter-output>
        </test-method> <!-- setup -->
        <test-method is-config="true" signature="switchToLoginFrame()[pri:0, instance:testCases.T004_SnoozedMailFromInbox@16612a51]" started-at="2026-01-05T10:03:03 IST" name="switchToLoginFrame" finished-at="2026-01-05T10:03:03 IST" duration-ms="61" status="PASS">
          <reporter-output>
          </reporter-output>
        </test-method> <!-- switchToLoginFrame -->
        <test-method signature="verify_SnoozedMailFromInbox()[pri:1, instance:testCases.T004_SnoozedMailFromInbox@16612a51]" started-at="2026-01-05T10:03:03 IST" name="verify_SnoozedMailFromInbox" finished-at="2026-01-05T10:05:15 IST" duration-ms="132437" status="PASS">
          <reporter-output>
          </reporter-output>
        </test-method> <!-- verify_SnoozedMailFromInbox -->
        <test-method is-config="true" signature="captureFailureScreenshot(org.testng.ITestResult)[pri:0, instance:testCases.T004_SnoozedMailFromInbox@16612a51]" started-at="2026-01-05T10:05:15 IST" name="captureFailureScreenshot" finished-at="2026-01-05T10:05:15 IST" duration-ms="2" status="PASS">
          <params>
            <param index="0">
              <value>
                <![CDATA[[TestResult name=verify_SnoozedMailFromInbox status=SUCCESS method=T004_SnoozedMailFromInbox.verify_SnoozedMailFromInbox()[pri:1, instance:testCases.T004_SnoozedMailFromInbox@16612a51] output={null}]]]>
              </value>
            </param>
          </params>
          <reporter-output>
          </reporter-output>
        </test-method> <!-- captureFailureScreenshot -->
        <test-method is-config="true" signature="tearDown()[pri:0, instance:testCases.T004_SnoozedMailFromInbox@16612a51]" started-at="2026-01-05T10:05:15 IST" name="tearDown" finished-at="2026-01-05T10:05:16 IST" duration-ms="530" status="PASS">
          <reporter-output>
          </reporter-output>
        </test-method> <!-- tearDown -->
        <test-method is-config="true" signature="sendLogsAfterSuite()[pri:0, instance:testCases.T004_SnoozedMailFromInbox@16612a51]" started-at="2026-01-05T10:05:16 IST" name="sendLogsAfterSuite" finished-at="2026-01-05T10:05:22 IST" duration-ms="6221" status="PASS">
          <reporter-output>
          </reporter-output>
        </test-method> <!-- sendLogsAfterSuite -->
      </class> <!-- testCases.T004_SnoozedMailFromInbox -->
    </test> <!-- ChromeTest -->
  </suite> <!-- CrossBrowserSuite -->
</testng-results>
