<?xml version="1.0" encoding="UTF-8"?>
<!-- Generated by org.testng.reporters.JUnitReportReporter -->
<testsuite hostname="DESKTOP-CAFNKDT" failures="0" tests="10" name="testCases.UiOfLoginPageEnglish" time="91.824" errors="0" timestamp="2025-09-23T13:24:57 IST" skipped="0">
  <testcase classname="testCases.UiOfLoginPageEnglish" name="verifyLogo" time="0.172">
    <system-out>
      <![CDATA[Extracted Logo SRC: "/Images/Srvr_Img/loginLogo1653737245875.svg"]]>
    </system-out>
  </testcase> <!-- verifyLogo -->
  <testcase classname="testCases.UiOfLoginPageEnglish" name="verifydefaultDropdown" time="0.179"/>
  <testcase classname="testCases.UiOfLoginPageEnglish" name="verifyLanguageDropdown" time="2.517"/>
  <testcase classname="testCases.UiOfLoginPageEnglish" name="verifySignIn" time="0.087"/>
  <testcase classname="testCases.UiOfLoginPageEnglish" name="verifyinputBox" time="0.197"/>
  <testcase classname="testCases.UiOfLoginPageEnglish" name="verifyforgotEmailCancelButton" time="22.158">
    <system-out>
      <![CDATA[Extracted Logo SRC: "/Images/Srvr_Img/loginLogo1653737245875.svg"]]>
    </system-out>
  </testcase> <!-- verifyforgotEmailCancelButton -->
  <testcase classname="testCases.UiOfLoginPageEnglish" name="verifytoggleButton" time="6.195"/>
  <testcase classname="testCases.UiOfLoginPageEnglish" name="verifynextBtnBackBtn" time="26.511">
    <system-out>
      <![CDATA[Extracted Logo SRC: "/Images/Srvr_Img/loginLogo1653737245875.svg"
Extracted Logo SRC: "/Images/Srvr_Img/loginLogo1653737245875.svg"]]>
    </system-out>
  </testcase> <!-- verifynextBtnBackBtn -->
  <testcase classname="testCases.UiOfLoginPageEnglish" name="verifysecureLoginBackBtn" time="24.694">
    <system-out>
      <![CDATA[Extracted Logo SRC: "/Images/Srvr_Img/loginLogo1653737245875.svg"
Extracted Logo SRC: "/Images/Srvr_Img/loginLogo1653737245875.svg"]]>
    </system-out>
  </testcase> <!-- verifysecureLoginBackBtn -->
  <testcase classname="testCases.UiOfLoginPageEnglish" name="verifyprivacyAndTerm" time="9.114"/>
  <system-out>
    <![CDATA[Extracted Logo SRC: "/Images/Srvr_Img/loginLogo1653737245875.svg"
Extracted Logo SRC: "/Images/Srvr_Img/loginLogo1653737245875.svg"
Extracted Logo SRC: "/Images/Srvr_Img/loginLogo1653737245875.svg"
Extracted Logo SRC: "/Images/Srvr_Img/loginLogo1653737245875.svg"
Extracted Logo SRC: "/Images/Srvr_Img/loginLogo1653737245875.svg"
Extracted Logo SRC: "/Images/Srvr_Img/loginLogo1653737245875.svg"]]>
  </system-out>
</testsuite> <!-- testCases.UiOfLoginPageEnglish -->
