<?xml version="1.0" encoding="UTF-8"?>
<!-- Generated by org.testng.reporters.JUnitReportReporter -->
<testsuite hostname="DESKTOP-CAFNKDT" failures="1" tests="10" name="testCases.UiOfLoginPageforTelugu" time="31.291" errors="0" timestamp="2025-09-03T14:46:51 IST" skipped="0">
  <testcase classname="testCases.UiOfLoginPageforTelugu" name="verifyLogo" time="0.169">
    <system-out>
      <![CDATA[Extracted Logo SRC: "/Images/Domain_Img/d306/loginLogo1653914065139.svg"]]>
    </system-out>
  </testcase> <!-- verifyLogo -->
  <testcase classname="testCases.UiOfLoginPageforTelugu" name="verifyLanguageDropdown" time="2.544"/>
  <testcase classname="testCases.UiOfLoginPageforTelugu" name="selectTelugu" time="0.502"/>
  <testcase classname="testCases.UiOfLoginPageforTelugu" name="signIn" time="0.098"/>
  <testcase classname="testCases.UiOfLoginPageforTelugu" name="inputBox" time="0.210"/>
  <testcase classname="testCases.UiOfLoginPageforTelugu" name="forgotEmailCancelButton" time="9.780"/>
  <testcase classname="testCases.UiOfLoginPageforTelugu" name="toggleButton" time="6.211"/>
  <testcase classname="testCases.UiOfLoginPageforTelugu" name="nextBtnBackBtn" time="0.105">
    <failure message="Label text is not matching! expected [తరువాత] but found []" type="java.lang.AssertionError">
      <![CDATA[java.lang.AssertionError: Label text is not matching! expected [తరువాత] but found []
at org.testng.Assert.fail(Assert.java:111)
at org.testng.Assert.failNotEquals(Assert.java:1578)
at org.testng.Assert.assertEqualsImpl(Assert.java:150)
at org.testng.Assert.assertEquals(Assert.java:132)
at org.testng.Assert.assertEquals(Assert.java:656)
at testCases.UiOfLoginPageforTelugu.nextBtnBackBtn(UiOfLoginPageforTelugu.java:138)
at java.base/jdk.internal.reflect.DirectMethodHandleAccessor.invoke(DirectMethodHandleAccessor.java:103)
at java.base/java.lang.reflect.Method.invoke(Method.java:580)
at org.testng.internal.invokers.MethodInvocationHelper.invokeMethod(MethodInvocationHelper.java:141)
at org.testng.internal.invokers.TestInvoker.invokeMethod(TestInvoker.java:686)
at org.testng.internal.invokers.TestInvoker.invokeTestMethod(TestInvoker.java:230)
at org.testng.internal.invokers.MethodRunner.runInSequence(MethodRunner.java:63)
at org.testng.internal.invokers.TestInvoker$MethodInvocationAgent.invoke(TestInvoker.java:992)
at org.testng.internal.invokers.TestInvoker.invokeTestMethods(TestInvoker.java:203)
at org.testng.internal.invokers.TestMethodWorker.invokeTestMethods(TestMethodWorker.java:154)
at org.testng.internal.invokers.TestMethodWorker.run(TestMethodWorker.java:134)
at java.base/java.util.ArrayList.forEach(ArrayList.java:1596)
at org.testng.TestRunner.privateRun(TestRunner.java:739)
at org.testng.TestRunner.run(TestRunner.java:614)
at org.testng.SuiteRunner.runTest(SuiteRunner.java:421)
at org.testng.SuiteRunner.runSequentially(SuiteRunner.java:413)
at org.testng.SuiteRunner.privateRun(SuiteRunner.java:373)
at org.testng.SuiteRunner.run(SuiteRunner.java:312)
at org.testng.SuiteRunnerWorker.runSuite(SuiteRunnerWorker.java:52)
at org.testng.SuiteRunnerWorker.run(SuiteRunnerWorker.java:95)
at org.testng.TestNG.runSuitesSequentially(TestNG.java:1274)
at org.testng.TestNG.runSuitesLocally(TestNG.java:1208)
at org.testng.TestNG.runSuites(TestNG.java:1112)
at org.testng.TestNG.run(TestNG.java:1079)
at org.testng.remote.AbstractRemoteTestNG.run(AbstractRemoteTestNG.java:115)
at org.testng.remote.RemoteTestNG.initAndRun(RemoteTestNG.java:293)
at org.testng.remote.RemoteTestNG.main(RemoteTestNG.java:91)
]]>
    </failure>
  </testcase> <!-- nextBtnBackBtn -->
  <testcase classname="testCases.UiOfLoginPageforTelugu" name="secureLoginBackBtn" time="2.615"/>
  <testcase classname="testCases.UiOfLoginPageforTelugu" name="privacyAndTerm" time="9.057"/>
  <system-out>
    <![CDATA[Extracted Logo SRC: "/Images/Domain_Img/d306/loginLogo1653914065139.svg"]]>
  </system-out>
</testsuite> <!-- testCases.UiOfLoginPageforTelugu -->
