<?xml version="1.0" encoding="UTF-8"?>
<!-- Generated by org.testng.reporters.JUnitReportReporter -->
<testsuite hostname="DESKTOP-CAFNKDT" failures="0" tests="10" name="testCases.uiOfLoginPage" time="26.602" errors="0" timestamp="2025-08-28T17:14:19 IST" skipped="0">
  <testcase classname="testCases.uiOfLoginPage" name="verifyLogo" time="0.144">
    <system-out>
      <![CDATA[Extracted Logo SRC: "/Images/Domain_Img/d306/loginLogo1653914065139.svg"]]>
    </system-out>
  </testcase> <!-- verifyLogo -->
  <testcase classname="testCases.uiOfLoginPage" name="defaultDropdown" time="0.189"/>
  <testcase classname="testCases.uiOfLoginPage" name="verifyLanguageDropdown" time="2.659"/>
  <testcase classname="testCases.uiOfLoginPage" name="signIn" time="0.112"/>
  <testcase classname="testCases.uiOfLoginPage" name="inputBox" time="0.186"/>
  <testcase classname="testCases.uiOfLoginPage" name="forgotEmailCancelButton" time="2.692"/>
  <testcase classname="testCases.uiOfLoginPage" name="toggleButton" time="6.180"/>
  <testcase classname="testCases.uiOfLoginPage" name="nextBtnBackBtn" time="2.673"/>
  <testcase classname="testCases.uiOfLoginPage" name="secureLoginBackBtn" time="2.706"/>
  <testcase classname="testCases.uiOfLoginPage" name="privacyAndTerm" time="9.061"/>
  <system-out>
    <![CDATA[Extracted Logo SRC: "/Images/Domain_Img/d306/loginLogo1653914065139.svg"]]>
  </system-out>
</testsuite> <!-- testCases.uiOfLoginPage -->
