<?xml version="1.0" encoding="UTF-8"?>
<!-- Generated by org.testng.reporters.JUnitReportReporter -->
<testsuite hostname="DESKTOP-CAFNKDT" failures="0" tests="10" name="testCases.UiOfLoginPageForkorean" time="33.883" errors="0" timestamp="2025-09-03T14:50:48 IST" skipped="0">
  <testcase classname="testCases.UiOfLoginPageForkorean" name="verifyLogo" time="0.160">
    <system-out>
      <![CDATA[Extracted Logo SRC: "/Images/Domain_Img/d306/loginLogo1653914065139.svg"]]>
    </system-out>
  </testcase> <!-- verifyLogo -->
  <testcase classname="testCases.UiOfLoginPageForkorean" name="verifyLanguageDropdown" time="2.511"/>
  <testcase classname="testCases.UiOfLoginPageForkorean" name="selectHindi" time="0.542"/>
  <testcase classname="testCases.UiOfLoginPageForkorean" name="signIn" time="0.098"/>
  <testcase classname="testCases.UiOfLoginPageForkorean" name="inputBox" time="0.186"/>
  <testcase classname="testCases.UiOfLoginPageForkorean" name="forgotEmailCancelButton" time="9.624"/>
  <testcase classname="testCases.UiOfLoginPageForkorean" name="toggleButton" time="6.182"/>
  <testcase classname="testCases.UiOfLoginPageForkorean" name="nextBtnBackBtn" time="2.814"/>
  <testcase classname="testCases.UiOfLoginPageForkorean" name="secureLoginBackBtn" time="2.716"/>
  <testcase classname="testCases.UiOfLoginPageForkorean" name="privacyAndTerm" time="9.050"/>
  <system-out>
    <![CDATA[Extracted Logo SRC: "/Images/Domain_Img/d306/loginLogo1653914065139.svg"]]>
  </system-out>
</testsuite> <!-- testCases.UiOfLoginPageForkorean -->
