<?xml version="1.0" encoding="UTF-8"?>
<!-- Generated by org.testng.reporters.JUnitReportReporter -->
<testsuite hostname="DESKTOP-CAFNKDT" failures="0" tests="10" name="testCases.UiOfLoginPageForKannada" time="33.912" errors="0" timestamp="2025-09-03T13:22:34 IST" skipped="0">
  <testcase classname="testCases.UiOfLoginPageForKannada" name="verifyLogo" time="0.180">
    <system-out>
      <![CDATA[Extracted Logo SRC: "/Images/Domain_Img/d306/loginLogo1653914065139.svg"]]>
    </system-out>
  </testcase> <!-- verifyLogo -->
  <testcase classname="testCases.UiOfLoginPageForKannada" name="verifyLanguageDropdown" time="2.585"/>
  <testcase classname="testCases.UiOfLoginPageForKannada" name="selectHindi" time="0.520"/>
  <testcase classname="testCases.UiOfLoginPageForKannada" name="signIn" time="0.112"/>
  <testcase classname="testCases.UiOfLoginPageForKannada" name="inputBox" time="0.183"/>
  <testcase classname="testCases.UiOfLoginPageForKannada" name="forgotEmailCancelButton" time="9.723"/>
  <testcase classname="testCases.UiOfLoginPageForKannada" name="toggleButton" time="6.202"/>
  <testcase classname="testCases.UiOfLoginPageForKannada" name="nextBtnBackBtn" time="2.666"/>
  <testcase classname="testCases.UiOfLoginPageForKannada" name="secureLoginBackBtn" time="2.681"/>
  <testcase classname="testCases.UiOfLoginPageForKannada" name="privacyAndTerm" time="9.060"/>
  <system-out>
    <![CDATA[Extracted Logo SRC: "/Images/Domain_Img/d306/loginLogo1653914065139.svg"]]>
  </system-out>
</testsuite> <!-- testCases.UiOfLoginPageForKannada -->
