<?xml version="1.0" encoding="UTF-8"?>
<!-- Generated by org.testng.reporters.JUnitXMLReporter -->
<testsuite ignored="0" hostname="DESKTOP-CAFNKDT" failures="1" tests="1" name="ChromeTest" time="85.191" errors="0" timestamp="2025-12-29T12:18:01 IST">
  <testcase classname="testCases.T002_HomePageTest" name="verify_HomePage" time="77.419">
    <failure type="java.lang.AssertionError" message=" Spam Promo Unread button is successfully visible. not visible/clickable. Exception: Expected condition failed: waiting for element to be clickable: [[ChromeDriver: chrome on windows (e28cdfce67c24f844ca87214ee65dbb5)] -&amp;gt; xpath: //span[starts-with(@id, &amp;apos;SpnNew-23-&amp;apos;)]] (tried for 20 second(s) with 500 milliseconds interval)
Build info: version: &amp;apos;4.22.0&amp;apos;, revision: &amp;apos;c5f3146703*&amp;apos;
System info: os.name: &amp;apos;Windows 10&amp;apos;, os.arch: &amp;apos;amd64&amp;apos;, os.version: &amp;apos;10.0&amp;apos;, java.version: &amp;apos;21.0.8&amp;apos;
Driver info: org.openqa.selenium.chrome.ChromeDriver
Capabilities {acceptInsecureCerts: false, browserName: chrome, browserVersion: 143.0.7499.147, chrome: {chromedriverVersion: 143.0.7499.169 (164b20aab62..., userDataDir: C:\Users\DATA\AppData\Local...}, fedcm:accounts: true, goog:chromeOptions: {debuggerAddress: localhost:55898}, goog:processID: 17256, networkConnectionEnabled: false, pageLoadStrategy: normal, platformName: windows, proxy: Proxy(), se:cdp: ws://localhost:55898/devtoo..., se:cdpVersion: 143.0.7499.147, setWindowRect: true, strictFileInteractability: false, timeouts: {implicit: 0, pageLoad: 300000, script: 30000}, unhandledPromptBehavior: dismiss and notify, webauthn:extension:credBlob: true, webauthn:extension:largeBlob: true, webauthn:extension:minPinLength: true, webauthn:extension:prf: true, webauthn:virtualAuthenticators: true}
Session ID: e28cdfce67c24f844ca87214ee65dbb5">
      <![CDATA[java.lang.AssertionError:  Spam Promo Unread button is successfully visible. not visible/clickable. Exception: Expected condition failed: waiting for element to be clickable: [[ChromeDriver: chrome on windows (e28cdfce67c24f844ca87214ee65dbb5)] -> xpath: //span[starts-with(@id, 'SpnNew-23-')]] (tried for 20 second(s) with 500 milliseconds interval)
Build info: version: '4.22.0', revision: 'c5f3146703*'
System info: os.name: 'Windows 10', os.arch: 'amd64', os.version: '10.0', java.version: '21.0.8'
Driver info: org.openqa.selenium.chrome.ChromeDriver
Capabilities {acceptInsecureCerts: false, browserName: chrome, browserVersion: 143.0.7499.147, chrome: {chromedriverVersion: 143.0.7499.169 (164b20aab62..., userDataDir: C:\Users\DATA\AppData\Local...}, fedcm:accounts: true, goog:chromeOptions: {debuggerAddress: localhost:55898}, goog:processID: 17256, networkConnectionEnabled: false, pageLoadStrategy: normal, platformName: windows, proxy: Proxy(), se:cdp: ws://localhost:55898/devtoo..., se:cdpVersion: 143.0.7499.147, setWindowRect: true, strictFileInteractability: false, timeouts: {implicit: 0, pageLoad: 300000, script: 30000}, unhandledPromptBehavior: dismiss and notify, webauthn:extension:credBlob: true, webauthn:extension:largeBlob: true, webauthn:extension:minPinLength: true, webauthn:extension:prf: true, webauthn:virtualAuthenticators: true}
Session ID: e28cdfce67c24f844ca87214ee65dbb5
at utilities.ReusableForUnread.isElementDisplayed(ReusableForUnread.java:1251)
at utilities.ReusableForUnread.isSpamPromoUnreadBtnDisplayedRe(ReusableForUnread.java:885)
at pageObjects.SpamPromoUnreadPage.isSpamPromoUnreadBtnDisplayed(SpamPromoUnreadPage.java:34)
at pageObjects.MyAccountPage.verifySpamPromoUnreadPage(MyAccountPage.java:901)
at testCases.T002_HomePageTest.verify_HomePage(T002_HomePageTest.java:51)
at java.base/java.util.ArrayList.forEach(ArrayList.java:1596)
at java.base/java.util.concurrent.FutureTask.run(FutureTask.java:317)
at java.base/java.util.concurrent.ThreadPoolExecutor.runWorker(ThreadPoolExecutor.java:1144)
at java.base/java.util.concurrent.ThreadPoolExecutor$Worker.run(ThreadPoolExecutor.java:642)
at java.base/java.lang.Thread.run(Thread.java:1583)
... Removed 16 stack frames]]>
    </failure>
  </testcase> <!-- verify_HomePage -->
</testsuite> <!-- ChromeTest -->
