<?xml version="1.0" encoding="UTF-8"?>
<!-- Generated by org.testng.reporters.JUnitXMLReporter -->
<testsuite ignored="0" hostname="DESKTOP-CAFNKDT" failures="1" tests="1" name="ChromeTest1" time="83.414" errors="0" timestamp="2025-10-16T11:20:04 IST">
  <testcase classname="testCases.HomePageTest" name="verify_HomePage" time="76.511">
    <failure type="java.lang.AssertionError" message="Inbox icon not visible/clickable. Exception: Expected condition failed: waiting for element to be clickable: Proxy element for: DefaultElementLocator &amp;apos;By.xpath: //a[@title=&amp;apos;Inbox&amp;apos;]//span[contains(text(),&amp;apos;Inbox&amp;apos;)]&amp;apos; (tried for 10 second(s) with 500 milliseconds interval)">
      <![CDATA[java.lang.AssertionError: Inbox icon not visible/clickable. Exception: Expected condition failed: waiting for element to be clickable: Proxy element for: DefaultElementLocator 'By.xpath: //a[@title='Inbox']//span[contains(text(),'Inbox')]' (tried for 10 second(s) with 500 milliseconds interval)
at pageObjects.MyAccountPage.isElementDisplayed(MyAccountPage.java:141)
at pageObjects.MyAccountPage.isInboxDisplayed(MyAccountPage.java:109)
at testCases.HomePageTest.verify_HomePage(HomePageTest.java:27)
at java.base/java.util.ArrayList.forEach(ArrayList.java:1596)
at java.base/java.util.concurrent.FutureTask.run(FutureTask.java:317)
at java.base/java.util.concurrent.ThreadPoolExecutor.runWorker(ThreadPoolExecutor.java:1144)
at java.base/java.util.concurrent.ThreadPoolExecutor$Worker.run(ThreadPoolExecutor.java:642)
at java.base/java.lang.Thread.run(Thread.java:1583)
... Removed 16 stack frames]]>
    </failure>
  </testcase> <!-- verify_HomePage -->
</testsuite> <!-- ChromeTest1 -->
