<?xml version="1.0" encoding="UTF-8"?>
<!-- Generated by org.testng.reporters.JUnitXMLReporter -->
<testsuite ignored="0" hostname="DESKTOP-CAFNKDT" failures="5" tests="6" name="EdgeTest" time="132.685" errors="0" timestamp="2025-10-13T09:37:42 IST">
  <testcase classname="testCases.LoginDDT" name="verify_loginDDT" time="18.339">
    <failure type="java.lang.AssertionError" message="Skip button not visible/clickable. Exception: Expected condition failed: waiting for element to be clickable: [[EdgeDriver: MicrosoftEdge on windows (5b4383ead2b739b050d79b73f3dad278)] -&amp;gt; xpath: //input[@id=&amp;apos;btn_step_23&amp;apos;]] (tried for 10 second(s) with 500 milliseconds interval)
Build info: version: &amp;apos;4.22.0&amp;apos;, revision: &amp;apos;c5f3146703*&amp;apos;
System info: os.name: &amp;apos;Windows 10&amp;apos;, os.arch: &amp;apos;amd64&amp;apos;, os.version: &amp;apos;10.0&amp;apos;, java.version: &amp;apos;21.0.8&amp;apos;
Driver info: org.openqa.selenium.edge.EdgeDriver
Capabilities {acceptInsecureCerts: false, browserName: MicrosoftEdge, browserVersion: 141.0.3537.57, fedcm:accounts: true, ms:edgeOptions: {debuggerAddress: localhost:55694}, msedge: {msedgedriverVersion: 141.0.3537.57 (edf1b001e567..., userDataDir: C:\Users\DATA\AppData\Local...}, networkConnectionEnabled: false, pageLoadStrategy: normal, platformName: windows, proxy: Proxy(), se:cdp: ws://localhost:55694/devtoo..., se:cdpVersion: 141.0.3537.57, setWindowRect: true, strictFileInteractability: false, timeouts: {implicit: 0, pageLoad: 300000, script: 30000}, unhandledPromptBehavior: dismiss and notify, webauthn:extension:credBlob: true, webauthn:extension:largeBlob: true, webauthn:extension:minPinLength: true, webauthn:extension:prf: true, webauthn:virtualAuthenticators: true}
Session ID: 5b4383ead2b739b050d79b73f3dad278">
      <![CDATA[java.lang.AssertionError: Skip button not visible/clickable. Exception: Expected condition failed: waiting for element to be clickable: [[EdgeDriver: MicrosoftEdge on windows (5b4383ead2b739b050d79b73f3dad278)] -> xpath: //input[@id='btn_step_23']] (tried for 10 second(s) with 500 milliseconds interval)
Build info: version: '4.22.0', revision: 'c5f3146703*'
System info: os.name: 'Windows 10', os.arch: 'amd64', os.version: '10.0', java.version: '21.0.8'
Driver info: org.openqa.selenium.edge.EdgeDriver
Capabilities {acceptInsecureCerts: false, browserName: MicrosoftEdge, browserVersion: 141.0.3537.57, fedcm:accounts: true, ms:edgeOptions: {debuggerAddress: localhost:55694}, msedge: {msedgedriverVersion: 141.0.3537.57 (edf1b001e567..., userDataDir: C:\Users\DATA\AppData\Local...}, networkConnectionEnabled: false, pageLoadStrategy: normal, platformName: windows, proxy: Proxy(), se:cdp: ws://localhost:55694/devtoo..., se:cdpVersion: 141.0.3537.57, setWindowRect: true, strictFileInteractability: false, timeouts: {implicit: 0, pageLoad: 300000, script: 30000}, unhandledPromptBehavior: dismiss and notify, webauthn:extension:credBlob: true, webauthn:extension:largeBlob: true, webauthn:extension:minPinLength: true, webauthn:extension:prf: true, webauthn:virtualAuthenticators: true}
Session ID: 5b4383ead2b739b050d79b73f3dad278
at pageObjects.LoginPage.isElementDisplayedAndClickable(LoginPage.java:53)
at pageObjects.LoginPage.isSkipButtonDisplayed(LoginPage.java:122)
at testCases.LoginDDT.verify_loginDDT(LoginDDT.java:42)
at java.base/java.util.ArrayList.forEach(ArrayList.java:1596)
at java.base/java.util.concurrent.FutureTask.run(FutureTask.java:317)
at java.base/java.util.concurrent.ThreadPoolExecutor.runWorker(ThreadPoolExecutor.java:1144)
at java.base/java.util.concurrent.ThreadPoolExecutor$Worker.run(ThreadPoolExecutor.java:642)
at java.base/java.lang.Thread.run(Thread.java:1583)
... Removed 16 stack frames]]>
    </failure>
  </testcase> <!-- verify_loginDDT -->
  <testcase classname="testCases.LoginDDT" name="verify_loginDDT" time="13.875">
    <failure type="java.lang.AssertionError" message="Password box not visible/clickable. Exception: Expected condition failed: waiting for element to be clickable: [[EdgeDriver: MicrosoftEdge on windows (5b4383ead2b739b050d79b73f3dad278)] -&amp;gt; id: password] (tried for 10 second(s) with 500 milliseconds interval)
Build info: version: &amp;apos;4.22.0&amp;apos;, revision: &amp;apos;c5f3146703*&amp;apos;
System info: os.name: &amp;apos;Windows 10&amp;apos;, os.arch: &amp;apos;amd64&amp;apos;, os.version: &amp;apos;10.0&amp;apos;, java.version: &amp;apos;21.0.8&amp;apos;
Driver info: org.openqa.selenium.edge.EdgeDriver
Capabilities {acceptInsecureCerts: false, browserName: MicrosoftEdge, browserVersion: 141.0.3537.57, fedcm:accounts: true, ms:edgeOptions: {debuggerAddress: localhost:55694}, msedge: {msedgedriverVersion: 141.0.3537.57 (edf1b001e567..., userDataDir: C:\Users\DATA\AppData\Local...}, networkConnectionEnabled: false, pageLoadStrategy: normal, platformName: windows, proxy: Proxy(), se:cdp: ws://localhost:55694/devtoo..., se:cdpVersion: 141.0.3537.57, setWindowRect: true, strictFileInteractability: false, timeouts: {implicit: 0, pageLoad: 300000, script: 30000}, unhandledPromptBehavior: dismiss and notify, webauthn:extension:credBlob: true, webauthn:extension:largeBlob: true, webauthn:extension:minPinLength: true, webauthn:extension:prf: true, webauthn:virtualAuthenticators: true}
Session ID: 5b4383ead2b739b050d79b73f3dad278">
      <![CDATA[java.lang.AssertionError: Password box not visible/clickable. Exception: Expected condition failed: waiting for element to be clickable: [[EdgeDriver: MicrosoftEdge on windows (5b4383ead2b739b050d79b73f3dad278)] -> id: password] (tried for 10 second(s) with 500 milliseconds interval)
Build info: version: '4.22.0', revision: 'c5f3146703*'
System info: os.name: 'Windows 10', os.arch: 'amd64', os.version: '10.0', java.version: '21.0.8'
Driver info: org.openqa.selenium.edge.EdgeDriver
Capabilities {acceptInsecureCerts: false, browserName: MicrosoftEdge, browserVersion: 141.0.3537.57, fedcm:accounts: true, ms:edgeOptions: {debuggerAddress: localhost:55694}, msedge: {msedgedriverVersion: 141.0.3537.57 (edf1b001e567..., userDataDir: C:\Users\DATA\AppData\Local...}, networkConnectionEnabled: false, pageLoadStrategy: normal, platformName: windows, proxy: Proxy(), se:cdp: ws://localhost:55694/devtoo..., se:cdpVersion: 141.0.3537.57, setWindowRect: true, strictFileInteractability: false, timeouts: {implicit: 0, pageLoad: 300000, script: 30000}, unhandledPromptBehavior: dismiss and notify, webauthn:extension:credBlob: true, webauthn:extension:largeBlob: true, webauthn:extension:minPinLength: true, webauthn:extension:prf: true, webauthn:virtualAuthenticators: true}
Session ID: 5b4383ead2b739b050d79b73f3dad278
at pageObjects.LoginPage.isElementDisplayedAndClickable(LoginPage.java:53)
at pageObjects.LoginPage.isPasswordBoxDisplayed(LoginPage.java:81)
at testCases.LoginDDT.verify_loginDDT(LoginDDT.java:34)
at java.base/java.util.ArrayList.forEach(ArrayList.java:1596)
at java.base/java.util.concurrent.FutureTask.run(FutureTask.java:317)
at java.base/java.util.concurrent.ThreadPoolExecutor.runWorker(ThreadPoolExecutor.java:1144)
at java.base/java.util.concurrent.ThreadPoolExecutor$Worker.run(ThreadPoolExecutor.java:642)
at java.base/java.lang.Thread.run(Thread.java:1583)
... Removed 16 stack frames]]>
    </failure>
  </testcase> <!-- verify_loginDDT -->
  <testcase classname="testCases.LoginDDT" name="verify_loginDDT" time="13.91">
    <failure type="java.lang.AssertionError" message="Password box not visible/clickable. Exception: Expected condition failed: waiting for element to be clickable: [[EdgeDriver: MicrosoftEdge on windows (5b4383ead2b739b050d79b73f3dad278)] -&amp;gt; id: password] (tried for 10 second(s) with 500 milliseconds interval)
Build info: version: &amp;apos;4.22.0&amp;apos;, revision: &amp;apos;c5f3146703*&amp;apos;
System info: os.name: &amp;apos;Windows 10&amp;apos;, os.arch: &amp;apos;amd64&amp;apos;, os.version: &amp;apos;10.0&amp;apos;, java.version: &amp;apos;21.0.8&amp;apos;
Driver info: org.openqa.selenium.edge.EdgeDriver
Capabilities {acceptInsecureCerts: false, browserName: MicrosoftEdge, browserVersion: 141.0.3537.57, fedcm:accounts: true, ms:edgeOptions: {debuggerAddress: localhost:55694}, msedge: {msedgedriverVersion: 141.0.3537.57 (edf1b001e567..., userDataDir: C:\Users\DATA\AppData\Local...}, networkConnectionEnabled: false, pageLoadStrategy: normal, platformName: windows, proxy: Proxy(), se:cdp: ws://localhost:55694/devtoo..., se:cdpVersion: 141.0.3537.57, setWindowRect: true, strictFileInteractability: false, timeouts: {implicit: 0, pageLoad: 300000, script: 30000}, unhandledPromptBehavior: dismiss and notify, webauthn:extension:credBlob: true, webauthn:extension:largeBlob: true, webauthn:extension:minPinLength: true, webauthn:extension:prf: true, webauthn:virtualAuthenticators: true}
Session ID: 5b4383ead2b739b050d79b73f3dad278">
      <![CDATA[java.lang.AssertionError: Password box not visible/clickable. Exception: Expected condition failed: waiting for element to be clickable: [[EdgeDriver: MicrosoftEdge on windows (5b4383ead2b739b050d79b73f3dad278)] -> id: password] (tried for 10 second(s) with 500 milliseconds interval)
Build info: version: '4.22.0', revision: 'c5f3146703*'
System info: os.name: 'Windows 10', os.arch: 'amd64', os.version: '10.0', java.version: '21.0.8'
Driver info: org.openqa.selenium.edge.EdgeDriver
Capabilities {acceptInsecureCerts: false, browserName: MicrosoftEdge, browserVersion: 141.0.3537.57, fedcm:accounts: true, ms:edgeOptions: {debuggerAddress: localhost:55694}, msedge: {msedgedriverVersion: 141.0.3537.57 (edf1b001e567..., userDataDir: C:\Users\DATA\AppData\Local...}, networkConnectionEnabled: false, pageLoadStrategy: normal, platformName: windows, proxy: Proxy(), se:cdp: ws://localhost:55694/devtoo..., se:cdpVersion: 141.0.3537.57, setWindowRect: true, strictFileInteractability: false, timeouts: {implicit: 0, pageLoad: 300000, script: 30000}, unhandledPromptBehavior: dismiss and notify, webauthn:extension:credBlob: true, webauthn:extension:largeBlob: true, webauthn:extension:minPinLength: true, webauthn:extension:prf: true, webauthn:virtualAuthenticators: true}
Session ID: 5b4383ead2b739b050d79b73f3dad278
at pageObjects.LoginPage.isElementDisplayedAndClickable(LoginPage.java:53)
at pageObjects.LoginPage.isPasswordBoxDisplayed(LoginPage.java:81)
at testCases.LoginDDT.verify_loginDDT(LoginDDT.java:34)
at java.base/java.util.ArrayList.forEach(ArrayList.java:1596)
at java.base/java.util.concurrent.FutureTask.run(FutureTask.java:317)
at java.base/java.util.concurrent.ThreadPoolExecutor.runWorker(ThreadPoolExecutor.java:1144)
at java.base/java.util.concurrent.ThreadPoolExecutor$Worker.run(ThreadPoolExecutor.java:642)
at java.base/java.lang.Thread.run(Thread.java:1583)
... Removed 16 stack frames]]>
    </failure>
  </testcase> <!-- verify_loginDDT -->
  <testcase classname="testCases.LoginDDT" name="verify_loginDDT" time="13.849">
    <failure type="java.lang.AssertionError" message="Password box not visible/clickable. Exception: Expected condition failed: waiting for element to be clickable: [[EdgeDriver: MicrosoftEdge on windows (5b4383ead2b739b050d79b73f3dad278)] -&amp;gt; id: password] (tried for 10 second(s) with 500 milliseconds interval)
Build info: version: &amp;apos;4.22.0&amp;apos;, revision: &amp;apos;c5f3146703*&amp;apos;
System info: os.name: &amp;apos;Windows 10&amp;apos;, os.arch: &amp;apos;amd64&amp;apos;, os.version: &amp;apos;10.0&amp;apos;, java.version: &amp;apos;21.0.8&amp;apos;
Driver info: org.openqa.selenium.edge.EdgeDriver
Capabilities {acceptInsecureCerts: false, browserName: MicrosoftEdge, browserVersion: 141.0.3537.57, fedcm:accounts: true, ms:edgeOptions: {debuggerAddress: localhost:55694}, msedge: {msedgedriverVersion: 141.0.3537.57 (edf1b001e567..., userDataDir: C:\Users\DATA\AppData\Local...}, networkConnectionEnabled: false, pageLoadStrategy: normal, platformName: windows, proxy: Proxy(), se:cdp: ws://localhost:55694/devtoo..., se:cdpVersion: 141.0.3537.57, setWindowRect: true, strictFileInteractability: false, timeouts: {implicit: 0, pageLoad: 300000, script: 30000}, unhandledPromptBehavior: dismiss and notify, webauthn:extension:credBlob: true, webauthn:extension:largeBlob: true, webauthn:extension:minPinLength: true, webauthn:extension:prf: true, webauthn:virtualAuthenticators: true}
Session ID: 5b4383ead2b739b050d79b73f3dad278">
      <![CDATA[java.lang.AssertionError: Password box not visible/clickable. Exception: Expected condition failed: waiting for element to be clickable: [[EdgeDriver: MicrosoftEdge on windows (5b4383ead2b739b050d79b73f3dad278)] -> id: password] (tried for 10 second(s) with 500 milliseconds interval)
Build info: version: '4.22.0', revision: 'c5f3146703*'
System info: os.name: 'Windows 10', os.arch: 'amd64', os.version: '10.0', java.version: '21.0.8'
Driver info: org.openqa.selenium.edge.EdgeDriver
Capabilities {acceptInsecureCerts: false, browserName: MicrosoftEdge, browserVersion: 141.0.3537.57, fedcm:accounts: true, ms:edgeOptions: {debuggerAddress: localhost:55694}, msedge: {msedgedriverVersion: 141.0.3537.57 (edf1b001e567..., userDataDir: C:\Users\DATA\AppData\Local...}, networkConnectionEnabled: false, pageLoadStrategy: normal, platformName: windows, proxy: Proxy(), se:cdp: ws://localhost:55694/devtoo..., se:cdpVersion: 141.0.3537.57, setWindowRect: true, strictFileInteractability: false, timeouts: {implicit: 0, pageLoad: 300000, script: 30000}, unhandledPromptBehavior: dismiss and notify, webauthn:extension:credBlob: true, webauthn:extension:largeBlob: true, webauthn:extension:minPinLength: true, webauthn:extension:prf: true, webauthn:virtualAuthenticators: true}
Session ID: 5b4383ead2b739b050d79b73f3dad278
at pageObjects.LoginPage.isElementDisplayedAndClickable(LoginPage.java:53)
at pageObjects.LoginPage.isPasswordBoxDisplayed(LoginPage.java:81)
at testCases.LoginDDT.verify_loginDDT(LoginDDT.java:34)
at java.base/java.util.ArrayList.forEach(ArrayList.java:1596)
at java.base/java.util.concurrent.FutureTask.run(FutureTask.java:317)
at java.base/java.util.concurrent.ThreadPoolExecutor.runWorker(ThreadPoolExecutor.java:1144)
at java.base/java.util.concurrent.ThreadPoolExecutor$Worker.run(ThreadPoolExecutor.java:642)
at java.base/java.lang.Thread.run(Thread.java:1583)
... Removed 16 stack frames]]>
    </failure>
  </testcase> <!-- verify_loginDDT -->
  <testcase classname="testCases.LoginDDT" name="verify_loginDDT" time="22.938">
    <failure type="java.lang.AssertionError" message="Password box not visible/clickable. Exception: Expected condition failed: waiting for element to be clickable: [[EdgeDriver: MicrosoftEdge on windows (5b4383ead2b739b050d79b73f3dad278)] -&amp;gt; id: password] (tried for 10 second(s) with 500 milliseconds interval)
Build info: version: &amp;apos;4.22.0&amp;apos;, revision: &amp;apos;c5f3146703*&amp;apos;
System info: os.name: &amp;apos;Windows 10&amp;apos;, os.arch: &amp;apos;amd64&amp;apos;, os.version: &amp;apos;10.0&amp;apos;, java.version: &amp;apos;21.0.8&amp;apos;
Driver info: org.openqa.selenium.edge.EdgeDriver
Capabilities {acceptInsecureCerts: false, browserName: MicrosoftEdge, browserVersion: 141.0.3537.57, fedcm:accounts: true, ms:edgeOptions: {debuggerAddress: localhost:55694}, msedge: {msedgedriverVersion: 141.0.3537.57 (edf1b001e567..., userDataDir: C:\Users\DATA\AppData\Local...}, networkConnectionEnabled: false, pageLoadStrategy: normal, platformName: windows, proxy: Proxy(), se:cdp: ws://localhost:55694/devtoo..., se:cdpVersion: 141.0.3537.57, setWindowRect: true, strictFileInteractability: false, timeouts: {implicit: 0, pageLoad: 300000, script: 30000}, unhandledPromptBehavior: dismiss and notify, webauthn:extension:credBlob: true, webauthn:extension:largeBlob: true, webauthn:extension:minPinLength: true, webauthn:extension:prf: true, webauthn:virtualAuthenticators: true}
Session ID: 5b4383ead2b739b050d79b73f3dad278">
      <![CDATA[java.lang.AssertionError: Password box not visible/clickable. Exception: Expected condition failed: waiting for element to be clickable: [[EdgeDriver: MicrosoftEdge on windows (5b4383ead2b739b050d79b73f3dad278)] -> id: password] (tried for 10 second(s) with 500 milliseconds interval)
Build info: version: '4.22.0', revision: 'c5f3146703*'
System info: os.name: 'Windows 10', os.arch: 'amd64', os.version: '10.0', java.version: '21.0.8'
Driver info: org.openqa.selenium.edge.EdgeDriver
Capabilities {acceptInsecureCerts: false, browserName: MicrosoftEdge, browserVersion: 141.0.3537.57, fedcm:accounts: true, ms:edgeOptions: {debuggerAddress: localhost:55694}, msedge: {msedgedriverVersion: 141.0.3537.57 (edf1b001e567..., userDataDir: C:\Users\DATA\AppData\Local...}, networkConnectionEnabled: false, pageLoadStrategy: normal, platformName: windows, proxy: Proxy(), se:cdp: ws://localhost:55694/devtoo..., se:cdpVersion: 141.0.3537.57, setWindowRect: true, strictFileInteractability: false, timeouts: {implicit: 0, pageLoad: 300000, script: 30000}, unhandledPromptBehavior: dismiss and notify, webauthn:extension:credBlob: true, webauthn:extension:largeBlob: true, webauthn:extension:minPinLength: true, webauthn:extension:prf: true, webauthn:virtualAuthenticators: true}
Session ID: 5b4383ead2b739b050d79b73f3dad278
at pageObjects.LoginPage.isElementDisplayedAndClickable(LoginPage.java:53)
at pageObjects.LoginPage.isPasswordBoxDisplayed(LoginPage.java:81)
at testCases.LoginDDT.verify_loginDDT(LoginDDT.java:34)
at java.base/java.util.ArrayList.forEach(ArrayList.java:1596)
at java.base/java.util.concurrent.FutureTask.run(FutureTask.java:317)
at java.base/java.util.concurrent.ThreadPoolExecutor.runWorker(ThreadPoolExecutor.java:1144)
at java.base/java.util.concurrent.ThreadPoolExecutor$Worker.run(ThreadPoolExecutor.java:642)
at java.base/java.lang.Thread.run(Thread.java:1583)
... Removed 16 stack frames]]>
    </failure>
  </testcase> <!-- verify_loginDDT -->
  <testcase classname="testCases.LoginDDT" name="verify_loginDDT" time="37.15"/>
</testsuite> <!-- EdgeTest -->
