<?xml version="1.0" encoding="UTF-8"?>
<!-- Generated by org.testng.reporters.JUnitXMLReporter -->
<testsuite ignored="0" hostname="DESKTOP-CAFNKDT" failures="1" tests="1" name="Test on Chrome" time="8.228" errors="0" timestamp="2025-09-30T14:33:23 IST">
  <testcase classname="testCases.LoginTest" name="verify_LoginTest" time="0.019">
    <failure type="java.lang.Error" message="Unresolved compilation problems: 
	driver cannot be resolved to a variable
	driver cannot be resolved to a variable
">
      <![CDATA[java.lang.Error: Unresolved compilation problems: 
driver cannot be resolved to a variable
driver cannot be resolved to a variable

at testCases.LoginTest.verify_LoginTest(LoginTest.java:22)
at java.base/java.util.ArrayList.forEach(ArrayList.java:1596)
at java.base/java.util.concurrent.FutureTask.run(FutureTask.java:317)
at java.base/java.util.concurrent.ThreadPoolExecutor.runWorker(ThreadPoolExecutor.java:1144)
at java.base/java.util.concurrent.ThreadPoolExecutor$Worker.run(ThreadPoolExecutor.java:642)
at java.base/java.lang.Thread.run(Thread.java:1583)
... Removed 15 stack frames]]>
    </failure>
  </testcase> <!-- verify_LoginTest -->
</testsuite> <!-- Test on Chrome -->
